----------------------------------------------------------------------------
the Fringe (unknown-nongit) starting up on Linux/x86-64 - Sat May 30 13:01:55 2015


Event backend in use: epoll
*Warning: unable to open stat file domain_stats for reading.
*Warning: unable to open stat file author_stats for reading.

Loading preload files ...
/std/object...
/std/container...
/obj/container...
/obj/weapon...
/obj/armour...
/obj/clothing...
/std/room...
/global/virtual/compiler...
/global/virtual/setup_compiler/SetupCompiler...
/room/void...
/std/race...
/std/races/standard...
/obj/monster...
/d/am/hospital...
/d/am/cityroom...
/obj/handlers/armoury...
/secure/related_files...
/global/player...
/global/creator...
/global/lord...
/obj/handlers/weather...
/d/guilds/wizards/books/beginners...
/d/guilds/wizards/Ankh-Morpork/inside/gymnasium...
/d/guilds/wizards/chars/frenkel...
/net/intermud3/intermud...
/global/virtual/data_compiler...
/secure/delete_clear...
/secure/bulk_delete...
/net/daemon/board_thingy...
/obj/handlers/artifact_handler...
/obj/handlers/error_tracker...
/d/admin/obj/inv_check...
/obj/handlers/club_handler...
/obj/handlers/twiki...
/obj/handlers/corpse_handler...
/secure/loader...
Accepting connections on 0.0.0.0:6669.
Initializations complete.

******** FATAL ERROR: SIGINT: Process interrupted
FluffOS driver attempting to exit gracefully.
crash() in master called successfully.  Aborting.
